2026-02-18T20:33:15.692Z [console][debug] [vite] connected.
2026-02-18T20:33:15.692Z [console][debug] [vite] connected.
2026-02-18T20:36:35.028Z [console][debug] [vite] hot updated: /src/pages/Home.jsx
2026-02-18T20:36:35.028Z [console][debug] [vite] hot updated: /src/index.css
2026-02-18T20:36:35.037Z [console][debug] [vite] hot updated: /src/pages/Home.jsx
2026-02-18T20:36:35.037Z [console][debug] [vite] hot updated: /src/index.css
2026-02-18T20:37:46.278Z [console][debug] [vite] hot updated: /src/components/FloatingDecorations.jsx
2026-02-18T20:37:46.278Z [console][debug] [vite] hot updated: /src/index.css
2026-02-18T20:37:57.589Z [console][debug] [vite] hot updated: /src/index.css
2026-02-18T20:37:57.590Z [console][debug] [vite] hot updated: /src/components/ScrollReveal.jsx
2026-02-18T20:39:11.659Z [console][debug] [vite] hot updated: /src/index.css
2026-02-18T20:39:52.001Z [console][debug] [vite] hot updated: /src/index.css
2026-02-18T20:40:09.062Z [console][debug] [vite] hot updated: /src/index.css
2026-02-18T20:40:17.814Z [console][debug] [vite] hot updated: /src/index.css
2026-02-18T20:40:31.577Z [console][debug] [vite] hot updated: /src/index.css
2026-02-18T20:40:46.587Z [console][debug] [vite] hot updated: /src/index.css
2026-02-18T20:41:02.321Z [console][debug] [vite] hot updated: /src/index.css
2026-02-18T20:41:13.968Z [console][debug] [vite] hot updated: /src/index.css
2026-02-18T20:41:24.566Z [console][debug] [vite] hot updated: /src/index.css
2026-02-18T20:41:35.872Z [console][debug] [vite] hot updated: /src/index.css
2026-02-18T20:41:50.284Z [console][debug] [vite] hot updated: /src/index.css
2026-02-18T20:42:46.001Z [console][debug] [vite] hot updated: /src/index.css
2026-02-18T20:43:14.490Z [console][debug] [vite] hot updated: /src/index.css
2026-02-18T20:43:24.704Z [console][debug] [vite] hot updated: /src/index.css
